<?xml version="1.0" encoding="UTF-8"?>
<!-- Generated by org.testng.reporters.JUnitReportReporter -->
<testsuite hostname="LIE-5CG9343MH7" failures="0" tests="1" name="Training.BenchTrainingEbay.phpTravels" time="15.754" errors="0" timestamp="2021-07-14T09:47:11 IST" skipped="0">
  <testcase classname="Training.BenchTrainingEbay.phpTravels" name="One" time="15.754"/>
  <system-out/>
</testsuite> <!-- Training.BenchTrainingEbay.phpTravels -->
